============================= test session starts ==============================
platform darwin -- Python 3.12.12, pytest-9.0.1, pluggy-1.6.0 -- /opt/homebrew/Caskroom/miniforge/base/bin/python3
cachedir: .pytest_cache
rootdir: <HOME>/Code/quantumVITAS
configfile: pytest.ini
plugins: cov-7.0.0
collecting ... collected 64 items

tests/integration/test_ci_validation.py::test_imports PASSED             [  1%]
tests/integration/test_ci_validation.py::test_basic_parsing PASSED       [  3%]
tests/integration/test_ci_validation.py::test_stats_file PASSED          [  4%]
tests/integration/test_ph_quick_tests.py::TestPHQuickTests::test_ph_quick[test_info0] PASSED [  6%]
tests/integration/test_ph_quick_tests.py::TestPHQuickTests::test_ph_quick[test_info1] FAILED [  7%]
tests/integration/test_ph_quick_tests.py::test_ph_basic_parsing PASSED   [  9%]
tests/integration/test_pw_quick_tests_ci.py::TestPWQuickParsing::test_parse_basic_scf PASSED [ 10%]
tests/integration/test_pw_quick_tests_ci.py::TestPWQuickParsing::test_generate_basic_input PASSED [ 12%]
tests/integration/test_pw_quick_tests_ci.py::TestPWQuickParsing::test_roundtrip_parsing PASSED [ 14%]
tests/integration/test_pw_quick_tests_ci.py::TestPWQuickExecution::test_pw_quick_execution PASSED [ 15%]
tests/integration/test_qe_engine.py::TestQEEngineInputGeneration::test_generate_input_from_data PASSED [ 17%]
tests/integration/test_qe_engine.py::TestQEEngineInputGeneration::test_parse_input_file PASSED [ 18%]
tests/integration/test_qe_engine.py::TestQEEngineInputGeneration::test_modify_input_file PASSED [ 20%]
tests/integration/test_qe_executable_integration.py::TestRealWorldScenarios::test_qe_installation_in_home PASSED [ 21%]
tests/integration/test_qe_executable_integration.py::TestRealWorldScenarios::test_multiple_qe_installations PASSED [ 23%]
tests/integration/test_qe_executable_integration.py::TestRealWorldScenarios::test_error_message_helpfulness PASSED [ 25%]
tests/integration/test_si_bands_calculation.py::TestSiBandsCalculation::test_parse_scf_input PASSED [ 26%]
tests/integration/test_si_bands_calculation.py::TestSiBandsCalculation::test_parse_nscf_input PASSED [ 28%]
tests/integration/test_si_bands_calculation.py::TestSiBandsCalculation::test_parse_bands_input PASSED [ 29%]
tests/integration/test_si_bands_calculation.py::TestSiBandsCalculation::test_parse_bands_pp_input PASSED [ 31%]
tests/integration/test_si_bands_calculation.py::TestSiBandsCalculation::test_calculation_prefix_consistency PASSED [ 32%]
tests/integration/test_si_bands_calculation.py::TestSiBandsCalculation::test_roundtrip_generation PASSED [ 34%]
tests/integration/test_si_bands_calculation.py::TestSiBandsCalculation::test_calculation_sequence PASSED [ 35%]
tests/integration/test_si_bands_calculation.py::TestSiBandsCalculation::test_structure_consistency PASSED [ 37%]
tests/integration/test_si_bands_calculation.py::TestSiBandsCalculation::test_run_scf_calculation PASSED [ 39%]
tests/integration/test_si_bands_calculation.py::TestSiBandsCalculation::test_run_nscf_calculation PASSED [ 40%]
tests/integration/test_si_bands_calculation.py::TestSiBandsCalculation::test_run_full_calculation PASSED [ 42%]
tests/integration/test_si_dos_calculation.py::TestSiDOSCalculation::test_parse_scf_input PASSED [ 43%]
tests/integration/test_si_dos_calculation.py::TestSiDOSCalculation::test_parse_nscf_input PASSED [ 45%]
tests/integration/test_si_dos_calculation.py::TestSiDOSCalculation::test_parse_dos_input PASSED [ 46%]
tests/integration/test_si_dos_calculation.py::TestSiDOSCalculation::test_calculation_prefix_consistency PASSED [ 48%]
tests/integration/test_si_dos_calculation.py::TestSiDOSCalculation::test_roundtrip_generation PASSED [ 50%]
tests/integration/test_si_dos_calculation.py::TestSiDOSCalculation::test_calculation_sequence PASSED [ 51%]
tests/integration/test_si_dos_calculation.py::TestSiDOSCalculation::test_structure_consistency PASSED [ 53%]
tests/integration/test_si_dos_calculation.py::TestSiDOSCalculation::test_run_scf_calculation PASSED [ 54%]
tests/integration/test_si_dos_calculation.py::TestSiDOSCalculation::test_run_nscf_calculation PASSED [ 56%]
tests/integration/test_si_dos_calculation.py::TestSiDOSCalculation::test_run_full_calculation PASSED [ 57%]
tests/run_simple_test.py::test_simple_parse_generate PASSED              [ 59%]
tests/run_simple_test.py::test_real_example PASSED                       [ 60%]
tests/unit/test_qe_executable_detection.py::TestQEExecutableDetection::test_find_executable_in_bin_dir PASSED [ 62%]
tests/unit/test_qe_executable_detection.py::TestQEExecutableDetection::test_find_executable_in_qe_root PASSED [ 64%]
tests/unit/test_qe_executable_detection.py::TestQEExecutableDetection::test_executable_not_found PASSED [ 65%]
tests/unit/test_qe_executable_detection.py::TestQEExecutableDetection::test_get_executable_path_raises_error PASSED [ 67%]
tests/unit/test_qe_executable_detection.py::TestQEExecutableDetection::test_detect_executable PASSED [ 68%]
tests/unit/test_qe_executable_detection.py::TestQEExecutableDetection::test_platform_specific_executable_names PASSED [ 70%]
tests/unit/test_qe_executable_detection.py::TestQEExecutableDetection::test_build_command_uses_detected_executable PASSED [ 71%]
tests/unit/test_qe_executable_detection.py::TestQEExecutableDetection::test_build_command_raises_error_when_not_found PASSED [ 73%]
tests/unit/test_qe_executable_detection.py::TestQEExecutableDetection::test_executable_caching PASSED [ 75%]
tests/unit/test_qe_executable_detection.py::TestQEExecutableSearchPaths::test_search_in_multiple_locations PASSED [ 76%]
tests/unit/test_qe_input.py::TestQEInputParser::test_parse_simple_scf PASSED [ 78%]
tests/unit/test_qe_input.py::TestQEInputParser::test_parse_namelist_parameters PASSED [ 79%]
tests/unit/test_qe_input.py::TestQEInputParser::test_parse_cards PASSED  [ 81%]
tests/unit/test_qe_input.py::TestQEInputParser::test_parse_fortran_d_format PASSED [ 82%]
tests/unit/test_qe_input.py::TestQEInputGenerator::test_generate_simple_input PASSED [ 84%]
tests/unit/test_qe_input.py::TestQEInputGenerator::test_roundtrip_conversion PASSED [ 85%]
tests/unit/test_qe_input.py::TestQEInputFileIO::test_parse_file PASSED   [ 87%]
tests/unit/test_qe_input.py::TestQEInputFileIO::test_generate_file PASSED [ 89%]
tests/unit/test_qe_modules.py::TestQEModuleDetection::test_detect_pw_module PASSED [ 90%]
tests/unit/test_qe_modules.py::TestQEModuleDetection::test_detect_ph_module PASSED [ 92%]
tests/unit/test_qe_modules.py::TestQEModuleDetection::test_detect_gipaw_module PASSED [ 93%]
tests/unit/test_qe_modules.py::TestQEModuleDetection::test_detect_neb_module PASSED [ 95%]
tests/unit/test_qe_modules.py::TestQEEngineModuleSupport::test_detect_module_from_file PASSED [ 96%]
tests/unit/test_qe_modules.py::TestQEEngineModuleSupport::test_generate_ph_input PASSED [ 98%]
tests/unit/test_qe_modules.py::TestQEEngineModuleSupport::test_generate_gipaw_input PASSED [100%]

=================================== FAILURES ===================================
__________________ TestPHQuickTests.test_ph_quick[test_info1] __________________
tests/integration/test_ph_quick_tests.py:197: in test_ph_quick
    pytest.fail(
E   Failed: PH test category 'ph_2d' failed: 6/6 tests failed.
E   Failed tests:
E   scf.in: pw.x returned 1
E   stderr: MPI_ABORT was invoked on rank 0 in communicator MPI_COMM_WORLD; Proc: [[2195
E   ph.in: ph.x returned 1
E   stderr: MPI_ABORT was invoked on rank 0 in communicator MPI_COMM_WORLD; Proc: [[6531
E   q2r1.in: q2r.x returned 2
E   stderr: Fortran runtime error: End of file; ; Error termination. Backtrace:; ; Coul
E   matdyn1.in: matdyn.x returned 2
E   stderr: Fortran runtime error: Cannot open file 'bn.frc': No such file or direct
E   q2r2.in: q2r.x returned 2
E   stderr: Fortran runtime error: End of file; ; Error termination. Backtrace:; ; Coul
E   matdyn2.in: matdyn.x returned 2
E   stderr: Fortran runtime error: Cannot open file 'bn.frc': No such file or direct
----------------------------- Captured stdout call -----------------------------
  Downloading B-PBE.upf... (attempt 1/3)
  Warning: Attempt 1 failed: HTTP Error 404: Not Found, retrying...
  Downloading B-PBE.upf... (attempt 2/3)
  Warning: Attempt 2 failed: HTTP Error 404: Not Found, retrying...
  Downloading B-PBE.upf... (attempt 3/3)
  Error: Failed to download B-PBE.upf after 3 attempts: HTTP Error 404: Not Found
  Error: Pseudopotential B-PBE.upf not found and download failed
  Downloading N-PBE.upf... (attempt 1/3)
  Warning: Attempt 1 failed: HTTP Error 404: Not Found, retrying...
  Downloading N-PBE.upf... (attempt 2/3)
  Warning: Attempt 2 failed: HTTP Error 404: Not Found, retrying...
  Downloading N-PBE.upf... (attempt 3/3)
  Error: Failed to download N-PBE.upf after 3 attempts: HTTP Error 404: Not Found
  Error: Pseudopotential N-PBE.upf not found and download failed
================================ tests coverage ================================
______________ coverage: platform darwin, python 3.12.12-final-0 _______________

Name                                                   Stmts   Miss  Cover   Missing
------------------------------------------------------------------------------------
src/quantumvitas/__init__.py                               6      0   100%
src/quantumvitas/cli/__init__.py                           0      0   100%
src/quantumvitas/cli/main.py                              36     36     0%   7-73
src/quantumvitas/core/__init__.py                          4      0   100%
src/quantumvitas/core/engines/__init__.py                  5      0   100%
src/quantumvitas/core/engines/base.py                     42      8    81%   55, 77, 97, 115, 128, 142, 156, 168
src/quantumvitas/core/engines/qe.py                      136     19    86%   131, 150, 155, 174-175, 195-197, 200, 211-213, 253, 360-361, 395, 463-464, 534
src/quantumvitas/core/engines/qe_input.py                591    140    76%   169, 173, 183-198, 253, 257-265, 271, 273, 275, 277, 280-283, 292, 350-354, 363, 372, 405, 422-433, 469, 494, 499, 526, 532-533, 597, 601, 624-627, 649-650, 659-666, 681-682, 690-692, 701-708, 720, 723-724, 728-734, 738, 742-782, 792, 807, 820, 835, 843-854, 863, 867, 921-923, 975-976, 990
src/quantumvitas/core/engines/qe_installation.py         174     57    67%   60, 82-84, 92-94, 99, 114, 136, 141-142, 158, 173, 188, 193-194, 205-226, 269-272, 287, 292, 297-301, 306-319, 335-342, 346
src/quantumvitas/core/engines/qe_pseudopotentials.py      70     15    79%   39, 52-57, 67, 100, 104, 140-143, 149-150
src/quantumvitas/core/engines/qe_calculation.py             103     26    75%   100-120, 147, 158, 208-211, 232-233, 248-249, 278-310
src/quantumvitas/core/models.py                          120     39    68%   69-71, 88-89, 105-108, 112-115, 120-135, 153, 157-160, 164, 168-171, 175, 180-181, 187-192
src/quantumvitas/core/registry.py                         58     36    38%   45, 48, 61-71, 75, 88-108, 112-138, 147
src/quantumvitas/core/runner.py                           89     76    15%   34-36, 50-97, 110-199, 203
src/quantumvitas/io/__init__.py                            2      2     0%   3-5
src/quantumvitas/io/structure_io.py                       14     14     0%   8-73
src/quantumvitas/viz/__init__.py                           2      2     0%   3-5
src/quantumvitas/viz/data_models.py                       38     38     0%   10-62
------------------------------------------------------------------------------------
TOTAL                                                   1490    508    66%
Coverage HTML written to dir htmlcov
Coverage XML written to file coverage.xml
=========================== short test summary info ============================
FAILED tests/integration/test_ph_quick_tests.py::TestPHQuickTests::test_ph_quick[test_info1] - Failed: PH test category 'ph_2d' failed: 6/6 tests failed.
Failed tests:
scf.in: pw.x returned 1
stderr: MPI_ABORT was invoked on rank 0 in communicator MPI_COMM_WORLD; Proc: [[2195
ph.in: ph.x returned 1
stderr: MPI_ABORT was invoked on rank 0 in communicator MPI_COMM_WORLD; Proc: [[6531
q2r1.in: q2r.x returned 2
stderr: Fortran runtime error: End of file; ; Error termination. Backtrace:; ; Coul
matdyn1.in: matdyn.x returned 2
stderr: Fortran runtime error: Cannot open file 'bn.frc': No such file or direct
q2r2.in: q2r.x returned 2
stderr: Fortran runtime error: End of file; ; Error termination. Backtrace:; ; Coul
matdyn2.in: matdyn.x returned 2
stderr: Fortran runtime error: Cannot open file 'bn.frc': No such file or direct
=================== 1 failed, 63 passed in 74.83s (0:01:14) ====================
